  Disparo.cpp
C:\Users\pablo\OneDrive\Documentos\GitHub\IngenieBROS\TacticalTakedown\src\Disparo.cpp(57,31): warning C4244: '=': conversión de 'double' a 'float'; posible pérdida de datos
  Interaccion.cpp
  ListaDisparos.cpp
  main.cpp
  Mapa.cpp
C:\Users\pablo\OneDrive\Documentos\GitHub\IngenieBROS\TacticalTakedown\src\Mapa.cpp(49,47): warning C4305: 'argumento': truncamiento de 'double' a 'float'
C:\Users\pablo\OneDrive\Documentos\GitHub\IngenieBROS\TacticalTakedown\src\Mapa.cpp(64,63): warning C4305: 'argumento': truncamiento de 'double' a 'float'
C:\Users\pablo\OneDrive\Documentos\GitHub\IngenieBROS\TacticalTakedown\src\Mapa.cpp(80,68): warning C4244: 'argumento': conversión de 'int' a 'GLfloat'; posible pérdida de datos
C:\Users\pablo\OneDrive\Documentos\GitHub\IngenieBROS\TacticalTakedown\src\Mapa.cpp(80,47): warning C4244: 'argumento': conversión de 'int' a 'GLfloat'; posible pérdida de datos
C:\Users\pablo\OneDrive\Documentos\GitHub\IngenieBROS\TacticalTakedown\src\Mapa.cpp(81,68): warning C4244: 'argumento': conversión de 'int' a 'GLfloat'; posible pérdida de datos
C:\Users\pablo\OneDrive\Documentos\GitHub\IngenieBROS\TacticalTakedown\src\Mapa.cpp(81,47): warning C4244: 'argumento': conversión de 'int' a 'GLfloat'; posible pérdida de datos
C:\Users\pablo\OneDrive\Documentos\GitHub\IngenieBROS\TacticalTakedown\src\Mapa.cpp(82,68): warning C4244: 'argumento': conversión de 'int' a 'GLfloat'; posible pérdida de datos
C:\Users\pablo\OneDrive\Documentos\GitHub\IngenieBROS\TacticalTakedown\src\Mapa.cpp(82,47): warning C4244: 'argumento': conversión de 'int' a 'GLfloat'; posible pérdida de datos
C:\Users\pablo\OneDrive\Documentos\GitHub\IngenieBROS\TacticalTakedown\src\Mapa.cpp(83,68): warning C4244: 'argumento': conversión de 'int' a 'GLfloat'; posible pérdida de datos
C:\Users\pablo\OneDrive\Documentos\GitHub\IngenieBROS\TacticalTakedown\src\Mapa.cpp(83,47): warning C4244: 'argumento': conversión de 'int' a 'GLfloat'; posible pérdida de datos
  Mundo.cpp
C:\Users\pablo\OneDrive\Documentos\GitHub\IngenieBROS\TacticalTakedown\src\Mundo.cpp(92,57): warning C4244: 'argumento': conversión de 'double' a 'float'; posible pérdida de datos
C:\Users\pablo\OneDrive\Documentos\GitHub\IngenieBROS\TacticalTakedown\src\Mundo.cpp(92,16): warning C4244: 'argumento': conversión de 'double' a 'float'; posible pérdida de datos
  Generando código...
  TacticalTakedown.vcxproj -> C:\Users\pablo\OneDrive\Documentos\GitHub\IngenieBROS\TacticalTakedown\bin\TacticalTakedown.exe
