c:\users\guill\documents\github\ingeniebros\tacticaltakedown\tmp\debug\vc142.pdb
c:\users\guill\documents\github\ingeniebros\tacticaltakedown\tmp\debug\vc142.idb
c:\users\guill\documents\github\ingeniebros\tacticaltakedown\tmp\debug\vector2d.obj
c:\users\guill\documents\github\ingeniebros\tacticaltakedown\tmp\debug\torreta.obj
c:\users\guill\documents\github\ingeniebros\tacticaltakedown\tmp\debug\pared.obj
c:\users\guill\documents\github\ingeniebros\tacticaltakedown\tmp\debug\mundo.obj
c:\users\guill\documents\github\ingeniebros\tacticaltakedown\tmp\debug\mapa.obj
c:\users\guill\documents\github\ingeniebros\tacticaltakedown\tmp\debug\main.obj
c:\users\guill\documents\github\ingeniebros\tacticaltakedown\tmp\debug\listaenemigos.obj
c:\users\guill\documents\github\ingeniebros\tacticaltakedown\tmp\debug\listadisparos.obj
c:\users\guill\documents\github\ingeniebros\tacticaltakedown\tmp\debug\interaccion.obj
c:\users\guill\documents\github\ingeniebros\tacticaltakedown\tmp\debug\enemigo.obj
c:\users\guill\documents\github\ingeniebros\tacticaltakedown\tmp\debug\disparo.obj
c:\users\guill\documents\github\ingeniebros\tacticaltakedown\tmp\debug\controljuego.obj
c:\users\guill\documents\github\ingeniebros\tacticaltakedown\tmp\debug\camara.obj
c:\users\guill\documents\github\ingeniebros\tacticaltakedown\tmp\debug\lapa.obj
c:\users\guill\documents\github\ingeniebros\tacticaltakedown\tmp\debug\jugador.obj
c:\users\guill\documents\github\ingeniebros\tacticaltakedown\bin\tacticaltakedown.exe
c:\users\guill\documents\github\ingeniebros\tacticaltakedown\bin\tacticaltakedown.ilk
c:\users\guill\documents\github\ingeniebros\tacticaltakedown\bin\tacticaltakedown.pdb
c:\users\guill\documents\github\ingeniebros\tacticaltakedown\tmp\debug\tacticaltakedown.tlog\cl.command.1.tlog
c:\users\guill\documents\github\ingeniebros\tacticaltakedown\tmp\debug\tacticaltakedown.tlog\cl.read.1.tlog
c:\users\guill\documents\github\ingeniebros\tacticaltakedown\tmp\debug\tacticaltakedown.tlog\cl.write.1.tlog
c:\users\guill\documents\github\ingeniebros\tacticaltakedown\tmp\debug\tacticaltakedown.tlog\link.command.1.tlog
c:\users\guill\documents\github\ingeniebros\tacticaltakedown\tmp\debug\tacticaltakedown.tlog\link.read.1.tlog
c:\users\guill\documents\github\ingeniebros\tacticaltakedown\tmp\debug\tacticaltakedown.tlog\link.write.1.tlog
